09:50:03.280 Get env property from Runner class karate.env system property was: dev 
09:50:04.051 request:
1 > POST https://azp-ms-pep-1-0-10.service.test.dfl.nednet.co.za/azp-ms-policy-enforcement-point-1.0.10-RELEASE/api/pep/PartyService/v4
1 > Accept-Encoding: gzip,deflate
1 > Authorization: bearer 1.2.3
1 > Connection: Keep-Alive
1 > Content-Length: 6308
1 > Content-Type: text/xml; charset=UTF-8
1 > Host: azp-ms-pep-1-0-10.service.test.dfl.nednet.co.za
1 > User-Agent: Apache-HttpClient/4.5.5 (Java/1.8.0_212)
1 > X-obligation-id: 1.2.3
1 > X-payloadType: permit
<soapenv:Envelope xmlns:soapenv="http://schemas.xmlsoap.org/soap/envelope/" xmlns:ent="http://contracts.it.nednet.co.za/Infrastructure/2008/09/EnterpriseContext" xmlns:v4="http://contracts.it.nednet.co.za/services/ent/profilemanagement/Party/v4" xmlns:v41="http://contracts.it.nednet.co.za/data/ent/Party/v4">
   <soapenv:Header>
      <wsse:Security xmlns:wsse="http://docs.oasis-open.org/wss/2004/01/oasis-200401-wss-wssecurity-secext-1.0.xsd" soapenv:mustUnderstand="1">
         <wsse:UsernameToken xmlns:wsu="http://docs.oasis-open.org/wss/2004/01/oasis-200401-wss-wssecurity-utility-1.0.xsd" wsu:Id="UsernameToken-1">
            <wsse:Username>cc616275</wsse:Username>
         </wsse:UsernameToken>
      </wsse:Security>
      <ent:EnterpriseContext>
         <ent:ContextInfo>
            <ent:ProcessContextId>12356</ent:ProcessContextId>
            <ent:ExecutionContextId>45982</ent:ExecutionContextId>
         </ent:ContextInfo>
         <ent:RequestOriginator>
            <ent:MachineIPAddress>127.0.0.1</ent:MachineIPAddress>
            <ent:UserPrincipleName>NEDCOR\CC609537</ent:UserPrincipleName>
            <ent:MachineDNSName>testing</ent:MachineDNSName>
            <ent:ChannelId>328</ent:ChannelId>
         </ent:RequestOriginator>
         <ent:InstrumentationInfo>
            <ent:ParentInstrumentationId>1235648</ent:ParentInstrumentationId>
            <ent:ChildInstrumentationId>135864</ent:ChildInstrumentationId>
         </ent:InstrumentationInfo>
      </ent:EnterpriseContext>
   </soapenv:Header>
   <soapenv:Body>
      <v4:MaintainPersonDetailReq xmlns:nsParty1="http://contracts.it.nednet.co.za/messages/clientsandpartners/profilemanagement/Party/v1">
         <v41:RequestControl>
            <v41:requestID>567890</v41:requestID>
            <v41:DWLControl>
               <v41:requesterName>TEST</v41:requesterName>
               <v41:requesterLanguage>100</v41:requesterLanguage>
               <v41:requestOrigin>338</v41:requestOrigin>
               <v41:userRole>MDMSUPER</v41:userRole>
               <v41:ControlExtensionProperty name="Interface">Online</v41:ControlExtensionProperty>
               <v41:ControlExtensionProperty name="SourceSystem">MDM</v41:ControlExtensionProperty>
               <v41:ControlExtensionProperty name="ChannelId">365</v41:ControlExtensionProperty>
               <v41:pageStartIndex>0</v41:pageStartIndex>
               <v41:pageEndIndex>100</v41:pageEndIndex>
               <v41:returnAvailableResultCount>20</v41:returnAvailableResultCount>
            </v41:DWLControl>
         </v41:RequestControl>
         <v41:PersonDetailBObj>
            <v41:TCRMPersonBObj>
               <v41:ObjectReferenceId>1</v41:ObjectReferenceId>
              <v41:ClientImportanceType>1001</v41:ClientImportanceType>--&gt;
               <v41:SourceIdentifierType>1001</v41:SourceIdentifierType>
               <!--<v41:BirthDate>1980-01-01T00:00:00.001</v41:BirthDate>
               </v41:TCRMExtension>-->
               <v41:TCRMPartyAddressBObj>
                  <v41:ObjectReferenceId>0</v41:ObjectReferenceId>
                  <v41:AddressUsageType>1029</v41:AddressUsageType>
                  <v41:CareOf>CAREOSDSADF_1029</v41:CareOf>
                  <v41:StartDate>2016-05-18T00:00:00.001</v41:StartDate>
                  <v41:EndDate>2032-05-09T00:00:00.001</v41:EndDate>
                  <v41:LastVerifiedDate>2016-12-02T14:50:42.0234</v41:LastVerifiedDate>
                  <v41:SourceIdentifierType>1001</v41:SourceIdentifierType>
                  <v41:TCRMExtension>
                     <v41:ExtendedObject>XPARTYADDRESSBObjExt</v41:ExtendedObject>
                     <v41:XPARTYADDRESSBObjExt>
                        <v41:XPermanentInd>Y</v41:XPermanentInd>
                     </v41:XPARTYADDRESSBObjExt>
                  </v41:TCRMExtension>
                  <v41:TCRMAddressBObj>
                     <v41:AddressLineOne>BOXasaA</v41:AddressLineOne>
                     <v41:AddressLineTwo>BAGROAD</v41:AddressLineTwo>
                     <v41:AddressLineThree>Kochi</v41:AddressLineThree>
                     <v41:City>PRETORIA</v41:City>
                     <v41:ZipPostalCode>00002</v41:ZipPostalCode>
                     <v41:CountryType>1250</v41:CountryType>
                     <v41:TCRMExtension>
                        <v41:XADDRESSBObjExt>
                           <v41:XSuburb>SALVOKOP</v41:XSuburb>
                        </v41:XADDRESSBObjExt>
                     </v41:TCRMExtension>
                  </v41:TCRMAddressBObj>
               </v41:TCRMPartyAddressBObj>
               <v41:TCRMPartyContactMethodBObj>
                  <v41:ObjectReferenceId>0</v41:ObjectReferenceId>
                 <v41:ContactMethodUsageType>1010</v41:ContactMethodUsageType>
                  <v41:StartDate>2016-05-09T00:00:00.001</v41:StartDate>
                  <v41:EndDate>2019-06-26T00:00:00.001</v41:EndDate>
                  <v41:LastVerifiedDate>2016-12-02T14:50:42.0234</v41:LastVerifiedDate>
                  <v41:SourceIdentifierType>1001</v41:SourceIdentifierType>
                   <v41:TCRMExtension>
                     <v41:XPARTYCONTACTMETHODBObjExt>
                        <v41:XLastMaintainDate>2015-09-08T14:50:42.2938</v41:XLastMaintainDate>
                        <v41:XPermanentInd>Y</v41:XPermanentInd>
                        <v41:XOccNumber>1</v41:XOccNumber>
                     </v41:XPARTYCONTACTMETHODBObjExt>
                  </v41:TCRMExtension>
                  <v41:TCRMContactMethodBObj>
                     <v41:ReferenceNumber>01155665555557</v41:ReferenceNumber>
                     <v41:ContactMethodType>1003</v41:ContactMethodType>
                  </v41:TCRMContactMethodBObj>
               </v41:TCRMPartyContactMethodBObj>
               <v41:TCRMPartyIdentificationBObj>
                  <v41:IdentificationType>1041</v41:IdentificationType>
                  <v41:IdentificationNumber>600000351703</v41:IdentificationNumber>
               </v41:TCRMPartyIdentificationBObj>
            </v41:TCRMPersonBObj>
         </v41:PersonDetailBObj>
      </v4:MaintainPersonDetailReq>
   </soapenv:Body>
</soapenv:Envelope>

09:50:04.398 response time in milliseconds: 335.62
1 < 200
1 < Connection: keep-alive
1 < Content-Language: en-US
1 < Content-Length: 6
1 < Content-Type: text/xml
1 < Date: Wed, 17 Jul 2019 07:50:04 GMT
1 < Server: nginx/1.15.5
1 < Strict-Transport-Security: max-age=15724800; includeSubDomains
1 < X-Powered-By: Servlet/3.1
Permit

09:50:04.398 [print] Permit
1>503 Service Temporarily Unavailable</h1></center>
<hr><center>nginx/1.15.5</center>
</body>
</html>


08:52:52.428 xml parsing failed, response data type set to string: org.xml.sax.SAXParseException; lineNumber: 6; columnNumber: 3; The element type "hr" must be terminated by the matching end-tag "</hr>".
08:52:52.443 status code was: 503, expected: 200, response time: 207, url: https://azp-ms-pep-1-0-10.service.test.dfl.nednet.co.za/azp-ms-policy-enforcement-point-1.0.10-RELEASE/api/pep/PartyService/v4, response: <html>
<head><title>503 Service Temporarily Unavailable</title></head>
<body>
<center><h1>503 Service Temporarily Unavailable</h1></center>
<hr><center>nginx/1.15.5</center>
</body>
</html>

